<?xml version="1.0" encoding="UTF-8"?>
<testng-results ignored="0" total="1" passed="1" failed="0" skipped="0">
  <reporter-output>
  </reporter-output>
  <suite started-at="2024-03-26T03:51:50 EDT" name="Suite" finished-at="2024-03-26T03:51:56 EDT" duration-ms="6513">
    <groups>
    </groups>
    <test started-at="2024-03-26T03:51:50 EDT" name="Test" finished-at="2024-03-26T03:51:56 EDT" duration-ms="6513">
      <class name="testBase.NopEcommerceRegistrationTest_001">
        <test-method is-config="true" signature="lunchBrowser()[pri:0, instance:testBase.NopEcommerceRegistrationTest_001@70ed52de]" started-at="2024-03-26T03:51:50 EDT" name="lunchBrowser" finished-at="2024-03-26T03:51:52 EDT" duration-ms="2272" status="PASS">
          <reporter-output>
          </reporter-output>
        </test-method> <!-- lunchBrowser -->
        <test-method signature="registrationTest_001()[pri:0, instance:testBase.NopEcommerceRegistrationTest_001@70ed52de]" started-at="2024-03-26T03:51:52 EDT" name="registrationTest_001" finished-at="2024-03-26T03:51:56 EDT" duration-ms="4041" status="PASS">
          <reporter-output>
          </reporter-output>
        </test-method> <!-- registrationTest_001 -->
        <test-method is-config="true" signature="tearDown()[pri:0, instance:testBase.NopEcommerceRegistrationTest_001@70ed52de]" started-at="2024-03-26T03:51:56 EDT" name="tearDown" finished-at="2024-03-26T03:51:56 EDT" duration-ms="175" status="PASS">
          <reporter-output>
          </reporter-output>
        </test-method> <!-- tearDown -->
      </class> <!-- testBase.NopEcommerceRegistrationTest_001 -->
    </test> <!-- Test -->
  </suite> <!-- Suite -->
</testng-results>
