<?xml version="1.0" encoding="UTF-8"?>
<testng-results ignored="0" total="1" passed="1" failed="0" skipped="0">
  <reporter-output>
  </reporter-output>
  <suite started-at="2024-02-22T13:50:16 EST" name="Default suite" finished-at="2024-02-22T13:50:19 EST" duration-ms="2236">
    <groups>
    </groups>
    <test started-at="2024-02-22T13:50:16 EST" name="Default test" finished-at="2024-02-22T13:50:19 EST" duration-ms="2236">
      <class name="TestBase.TestBase">
        <test-method signature="lunchBrowser()[pri:0, instance:TestBase.TestBase@6404f418]" started-at="2024-02-22T13:50:16 EST" name="lunchBrowser" finished-at="2024-02-22T13:50:19 EST" duration-ms="2206" status="PASS">
          <reporter-output>
          </reporter-output>
        </test-method> <!-- lunchBrowser -->
      </class> <!-- TestBase.TestBase -->
    </test> <!-- Default test -->
  </suite> <!-- Default suite -->
</testng-results>
