<?xml version="1.0" encoding="UTF-8"?>
<testng-results ignored="0" total="1" passed="1" failed="0" skipped="0">
  <reporter-output>
  </reporter-output>
  <suite started-at="2024-03-28T02:55:44 EDT" name="Suite" finished-at="2024-03-28T02:55:54 EDT" duration-ms="10583">
    <groups>
    </groups>
    <test started-at="2024-03-28T02:55:44 EDT" name="Test" finished-at="2024-03-28T02:55:54 EDT" duration-ms="10583">
      <class name="testBase.NopEcommerceRegistrationTest_001">
        <test-method is-config="true" signature="lunchBrowser()[pri:0, instance:testBase.NopEcommerceRegistrationTest_001@3c7c886c]" started-at="2024-03-28T02:55:44 EDT" name="lunchBrowser" finished-at="2024-03-28T02:55:48 EDT" duration-ms="4862" status="PASS">
          <reporter-output>
          </reporter-output>
        </test-method> <!-- lunchBrowser -->
        <test-method signature="registrationTest_001()[pri:0, instance:testBase.NopEcommerceRegistrationTest_001@3c7c886c]" started-at="2024-03-28T02:55:48 EDT" name="registrationTest_001" finished-at="2024-03-28T02:55:54 EDT" duration-ms="5365" status="PASS">
          <reporter-output>
          </reporter-output>
        </test-method> <!-- registrationTest_001 -->
        <test-method is-config="true" signature="tearDown()[pri:0, instance:testBase.NopEcommerceRegistrationTest_001@3c7c886c]" started-at="2024-03-28T02:55:54 EDT" name="tearDown" finished-at="2024-03-28T02:55:54 EDT" duration-ms="272" status="PASS">
          <reporter-output>
          </reporter-output>
        </test-method> <!-- tearDown -->
      </class> <!-- testBase.NopEcommerceRegistrationTest_001 -->
    </test> <!-- Test -->
  </suite> <!-- Suite -->
</testng-results>
